0 info it worked if it ends with ok
1 verbose cli [ 'C:\\Program Files\\nodejs\\node.exe',
1 verbose cli   'C:\\Program Files\\nodejs\\node_modules\\npm\\bin\\npm-cli.js',
1 verbose cli   'run',
1 verbose cli   'build-dev' ]
2 info using npm@3.10.10
3 info using node@v6.10.1
4 verbose run-script [ 'prebuild-dev', 'build-dev', 'postbuild-dev' ]
5 info lifecycle AuthProvider@1.0.0~prebuild-dev: AuthProvider@1.0.0
6 silly lifecycle AuthProvider@1.0.0~prebuild-dev: no script for prebuild-dev, continuing
7 info lifecycle AuthProvider@1.0.0~build-dev: AuthProvider@1.0.0
8 verbose lifecycle AuthProvider@1.0.0~build-dev: unsafe-perm in lifecycle true
9 verbose lifecycle AuthProvider@1.0.0~build-dev: PATH: C:\Program Files\nodejs\node_modules\npm\bin\node-gyp-bin;D:\1Mendelson\Projects\our_osbb\node_modules\.bin;c:\Software\octave3.6.4\bin;C:\Program Files (x86)\Qucs\bin;C:\ProgramData\Oracle\Java\javapath;C:\PROGRA~2\Borland\CBUILD~1\Bin;C:\PROGRA~2\Borland\CBUILD~1\Projects\Bpl;C:\Program Files (x86)\Intel\iCLS Client\;C:\Program Files\Intel\iCLS Client\;C:\WINDOWS\system32;C:\WINDOWS;C:\WINDOWS\System32\Wbem;C:\WINDOWS\System32\WindowsPowerShell\v1.0\;C:\Program Files (x86)\Intel\OpenCL SDK\2.0\bin\x86;C:\Program Files (x86)\Intel\OpenCL SDK\2.0\bin\x64;C:\Program Files\Intel\Intel(R) Management Engine Components\DAL;C:\Program Files\Intel\Intel(R) Management Engine Components\IPT;C:\Program Files (x86)\Intel\Intel(R) Management Engine Components\DAL;C:\Program Files (x86)\Intel\Intel(R) Management Engine Components\IPT;C:\Program Files\Microsoft SQL Server\110\Tools\Binn\;C:\Program Files (x86)\Brackets\command;C:\Program Files (x86)\NVIDIA Corporation\PhysX\Common;C:\Program Files (x86)\mingw32\bin;C:\Program Files (x86)\Skype\Phone\;C:\Program Files\nodejs\;C:\Program Files\Git\cmd;C:\Program Files (x86)\Yarn\bin;C:\Users\ПК\AppData\Roaming\npm;C:\Users\ПК\AppData\Local\Yarn\.bin;C:\Program Files (x86)\Microsoft VS Code\bin
10 verbose lifecycle AuthProvider@1.0.0~build-dev: CWD: D:\1Mendelson\Projects\our_osbb
11 silly lifecycle AuthProvider@1.0.0~build-dev: Args: [ '/d /s /c',
11 silly lifecycle   'rm -rf dist && webpack --config config/webpack.dev.js --bail' ]
12 silly lifecycle AuthProvider@1.0.0~build-dev: Returned: code: 1  signal: null
13 info lifecycle AuthProvider@1.0.0~build-dev: Failed to exec build-dev script
14 verbose stack Error: AuthProvider@1.0.0 build-dev: `rm -rf dist && webpack --config config/webpack.dev.js --bail`
14 verbose stack Exit status 1
14 verbose stack     at EventEmitter.<anonymous> (C:\Program Files\nodejs\node_modules\npm\lib\utils\lifecycle.js:255:16)
14 verbose stack     at emitTwo (events.js:106:13)
14 verbose stack     at EventEmitter.emit (events.js:191:7)
14 verbose stack     at ChildProcess.<anonymous> (C:\Program Files\nodejs\node_modules\npm\lib\utils\spawn.js:40:14)
14 verbose stack     at emitTwo (events.js:106:13)
14 verbose stack     at ChildProcess.emit (events.js:191:7)
14 verbose stack     at maybeClose (internal/child_process.js:886:16)
14 verbose stack     at Process.ChildProcess._handle.onexit (internal/child_process.js:226:5)
15 verbose pkgid AuthProvider@1.0.0
16 verbose cwd D:\1Mendelson\Projects\our_osbb\src
17 error Windows_NT 6.3.9600
18 error argv "C:\\Program Files\\nodejs\\node.exe" "C:\\Program Files\\nodejs\\node_modules\\npm\\bin\\npm-cli.js" "run" "build-dev"
19 error node v6.10.1
20 error npm  v3.10.10
21 error code ELIFECYCLE
22 error AuthProvider@1.0.0 build-dev: `rm -rf dist && webpack --config config/webpack.dev.js --bail`
22 error Exit status 1
23 error Failed at the AuthProvider@1.0.0 build-dev script 'rm -rf dist && webpack --config config/webpack.dev.js --bail'.
23 error Make sure you have the latest version of node.js and npm installed.
23 error If you do, this is most likely a problem with the AuthProvider package,
23 error not with npm itself.
23 error Tell the author that this fails on your system:
23 error     rm -rf dist && webpack --config config/webpack.dev.js --bail
23 error You can get information on how to open an issue for this project with:
23 error     npm bugs AuthProvider
23 error Or if that isn't available, you can get their info via:
23 error     npm owner ls AuthProvider
23 error There is likely additional logging output above.
24 verbose exit [ 1, true ]
